android/app/build/intermediates/manifest_merge_blame_file/debug/processDebugMainManifest/manifest-merger-blame-debug-report.txt
1<?xml version="1.0" encoding="utf-8"?>
2<manifest xmlns:android="http://schemas.android.com/apk/res/android"
3    package="com.portfolio.app"
4    android:versionCode="2"
5    android:versionName="1.0.1" >
6
7    <uses-sdk
7-->INJECTED
8        android:minSdkVersion="31"
8-->INJECTED
9        android:targetSdkVersion="36" />
9-->INJECTED
10
11    <!-- Permissions -->
12
13    <uses-permission android:name="android.permission.INTERNET" />
13-->src\main\AndroidManifest.xml:36:5-67
13-->src\main\AndroidManifest.xml:36:22-64
14    <!-- Android 13+ Media Permissions -->
15    <uses-permission android:name="android.permission.READ_MEDIA_IMAGES" />
15-->src\main\AndroidManifest.xml:38:5-76
15-->src\main\AndroidManifest.xml:38:22-73
16    <uses-permission android:name="android.permission.READ_MEDIA_VIDEO" />
16-->src\main\AndroidManifest.xml:39:5-75
16-->src\main\AndroidManifest.xml:39:22-72
17    <uses-permission android:name="android.permission.CAMERA" />
17-->src\main\AndroidManifest.xml:40:5-65
17-->src\main\AndroidManifest.xml:40:22-62
18
19    <uses-feature
19-->src\main\AndroidManifest.xml:41:5-85
20        android:name="android.hardware.camera"
20-->src\main\AndroidManifest.xml:41:19-57
21        android:required="false" />
21-->src\main\AndroidManifest.xml:41:58-82
22
23    <queries>
23-->[:capacitor-camera] AndroidManifest.xml:7:5-17:15
24        <intent>
24-->[:capacitor-camera] AndroidManifest.xml:8:9-10:18
25            <action android:name="android.media.action.IMAGE_CAPTURE" />
25-->[:capacitor-camera] AndroidManifest.xml:9:13-73
25-->[:capacitor-camera] AndroidManifest.xml:9:21-70
26        </intent>
27        <intent>
27-->[:capacitor-camera] AndroidManifest.xml:11:9-13:18
28            <action android:name="android.intent.action.GET_CONTENT" />
28-->[:capacitor-camera] AndroidManifest.xml:12:13-72
28-->[:capacitor-camera] AndroidManifest.xml:12:21-69
29        </intent>
30        <intent>
30-->[:capacitor-camera] AndroidManifest.xml:14:9-16:18
31            <action android:name="android.intent.action.PICK" />
31-->[:capacitor-camera] AndroidManifest.xml:15:13-65
31-->[:capacitor-camera] AndroidManifest.xml:15:21-62
32        </intent>
33    </queries>
34
35    <uses-permission android:name="android.permission.ACCESS_NETWORK_STATE" />
35-->[com.google.firebase:firebase-messaging:25.0.1] AndroidManifest.xml:22:5-79
35-->[com.google.firebase:firebase-messaging:25.0.1] AndroidManifest.xml:22:22-76
36    <uses-permission android:name="android.permission.POST_NOTIFICATIONS" />
36-->[com.google.firebase:firebase-messaging:25.0.1] AndroidManifest.xml:23:5-77
36-->[com.google.firebase:firebase-messaging:25.0.1] AndroidManifest.xml:23:22-74
37    <uses-permission android:name="android.permission.WAKE_LOCK" /> <!-- Required by older versions of Google Play services to create IID tokens -->
37-->[com.google.firebase:firebase-messaging:25.0.1] AndroidManifest.xml:24:5-68
37-->[com.google.firebase:firebase-messaging:25.0.1] AndroidManifest.xml:24:22-65
38    <uses-permission android:name="com.google.android.c2dm.permission.RECEIVE" />
38-->[com.google.firebase:firebase-messaging:25.0.1] AndroidManifest.xml:26:5-82
38-->[com.google.firebase:firebase-messaging:25.0.1] AndroidManifest.xml:26:22-79
39
40    <permission
40-->[androidx.core:core:1.17.0] AndroidManifest.xml:22:5-24:47
41        android:name="com.portfolio.app.DYNAMIC_RECEIVER_NOT_EXPORTED_PERMISSION"
41-->[androidx.core:core:1.17.0] AndroidManifest.xml:23:9-81
42        android:protectionLevel="signature" />
42-->[androidx.core:core:1.17.0] AndroidManifest.xml:24:9-44
43
44    <uses-permission android:name="com.portfolio.app.DYNAMIC_RECEIVER_NOT_EXPORTED_PERMISSION" />
44-->[androidx.core:core:1.17.0] AndroidManifest.xml:26:5-97
44-->[androidx.core:core:1.17.0] AndroidManifest.xml:26:22-94
45
46    <application
46-->src\main\AndroidManifest.xml:3:5-32:19
47        android:allowBackup="true"
47-->src\main\AndroidManifest.xml:4:9-35
48        android:appComponentFactory="androidx.core.app.CoreComponentFactory"
48-->[androidx.core:core:1.17.0] AndroidManifest.xml:28:18-86
49        android:debuggable="true"
50        android:extractNativeLibs="false"
50-->INJECTED
51        android:icon="@mipmap/ic_launcher"
51-->src\main\AndroidManifest.xml:5:9-43
52        android:label="@string/app_name"
52-->src\main\AndroidManifest.xml:6:9-41
53        android:networkSecurityConfig="@xml/network_security_config"
53-->src\main\AndroidManifest.xml:9:9-69
54        android:requestLegacyExternalStorage="true"
54-->[io.ionic.libs:ioncamera-android:1.0.1] AndroidManifest.xml:8:18-61
55        android:roundIcon="@mipmap/ic_launcher_round"
55-->src\main\AndroidManifest.xml:7:9-54
56        android:supportsRtl="true"
56-->src\main\AndroidManifest.xml:8:9-35
57        android:theme="@style/AppTheme"
57-->src\main\AndroidManifest.xml:11:9-40
58        android:usesCleartextTraffic="true" >
58-->src\main\AndroidManifest.xml:10:9-44
59        <activity
59-->src\main\AndroidManifest.xml:12:9-23:20
60            android:name="com.portfolio.app.MainActivity"
60-->src\main\AndroidManifest.xml:14:13-41
61            android:configChanges="orientation|keyboardHidden|keyboard|screenSize|locale|smallestScreenSize|screenLayout|uiMode|navigation|density"
61-->src\main\AndroidManifest.xml:13:13-148
62            android:exported="true"
62-->src\main\AndroidManifest.xml:18:13-36
63            android:label="@string/title_activity_main"
63-->src\main\AndroidManifest.xml:15:13-56
64            android:launchMode="singleTask"
64-->src\main\AndroidManifest.xml:17:13-44
65            android:theme="@style/AppTheme.NoActionBarLaunch" >
65-->src\main\AndroidManifest.xml:16:13-62
66            <intent-filter>
66-->src\main\AndroidManifest.xml:19:13-22:29
67                <action android:name="android.intent.action.MAIN" />
67-->src\main\AndroidManifest.xml:20:17-69
67-->src\main\AndroidManifest.xml:20:25-66
68
69                <category android:name="android.intent.category.LAUNCHER" />
69-->src\main\AndroidManifest.xml:21:17-77
69-->src\main\AndroidManifest.xml:21:27-74
70            </intent-filter>
71        </activity>
72
73        <provider
73-->INJECTED
74            android:name="androidx.core.content.FileProvider"
74-->src\main\AndroidManifest.xml:26:13-62
75            android:authorities="com.portfolio.app.fileprovider"
75-->INJECTED
76            android:exported="false"
76-->src\main\AndroidManifest.xml:28:13-37
77            android:grantUriPermissions="true" >
77-->src\main\AndroidManifest.xml:29:13-47
78            <meta-data
78-->src\main\AndroidManifest.xml:30:13-112
79                android:name="android.support.FILE_PROVIDER_PATHS"
79-->src\main\AndroidManifest.xml:30:24-74
80                android:resource="@xml/file_paths" />
80-->src\main\AndroidManifest.xml:30:75-109
81        </provider>
82
83        <service
83-->[:capacitor-push-notifications] AndroidManifest.xml:8:9-14:19
84            android:name="com.capacitorjs.plugins.pushnotifications.MessagingService"
84-->[:capacitor-push-notifications] AndroidManifest.xml:9:13-86
85            android:exported="false" >
85-->[:capacitor-push-notifications] AndroidManifest.xml:10:13-37
86            <intent-filter>
86-->[:capacitor-push-notifications] AndroidManifest.xml:11:13-13:29
87                <action android:name="com.google.firebase.MESSAGING_EVENT" />
87-->[:capacitor-push-notifications] AndroidManifest.xml:12:17-78
87-->[:capacitor-push-notifications] AndroidManifest.xml:12:25-75
88            </intent-filter>
89        </service>
90
91        <activity
91-->[io.ionic.libs:ioncamera-android:1.0.1] AndroidManifest.xml:9:9-11:86
92            android:name="io.ionic.libs.ioncameralib.view.IONCAMRLoadingActivity"
92-->[io.ionic.libs:ioncamera-android:1.0.1] AndroidManifest.xml:10:13-82
93            android:theme="@android:style/Theme.Translucent.NoTitleBar.Fullscreen" />
93-->[io.ionic.libs:ioncamera-android:1.0.1] AndroidManifest.xml:11:13-83
94        <activity
94-->[io.ionic.libs:ioncamera-android:1.0.1] AndroidManifest.xml:12:9-16:36
95            android:name="io.ionic.libs.ioncameralib.view.IONCAMRImageEditorActivity"
95-->[io.ionic.libs:ioncamera-android:1.0.1] AndroidManifest.xml:13:13-86
96            android:enableOnBackInvokedCallback="true"
96-->[io.ionic.libs:ioncamera-android:1.0.1] AndroidManifest.xml:14:13-55
97            android:theme="@android:style/Theme.Black.NoTitleBar" />
97-->[io.ionic.libs:ioncamera-android:1.0.1] AndroidManifest.xml:15:13-66
98        <activity
98-->[io.ionic.libs:ioncamera-android:1.0.1] AndroidManifest.xml:17:9-20:86
99            android:name="io.ionic.libs.ioncameralib.view.IONCAMROpenPhotoPickerActivity"
99-->[io.ionic.libs:ioncamera-android:1.0.1] AndroidManifest.xml:18:13-90
100            android:exported="false"
100-->[io.ionic.libs:ioncamera-android:1.0.1] AndroidManifest.xml:19:13-37
101            android:theme="@android:style/Theme.Translucent.NoTitleBar.Fullscreen" /> <!-- Trigger Google Play services to install the backported photo picker module. -->
101-->[io.ionic.libs:ioncamera-android:1.0.1] AndroidManifest.xml:20:13-83
102        <service
102-->[io.ionic.libs:ioncamera-android:1.0.1] AndroidManifest.xml:22:9-34:19
103            android:name="com.google.android.gms.metadata.ModuleDependencies"
103-->[io.ionic.libs:ioncamera-android:1.0.1] AndroidManifest.xml:23:13-78
104            android:enabled="false"
104-->[io.ionic.libs:ioncamera-android:1.0.1] AndroidManifest.xml:24:13-36
105            android:exported="false" >
105-->[io.ionic.libs:ioncamera-android:1.0.1] AndroidManifest.xml:25:13-37
106            <intent-filter>
106-->[io.ionic.libs:ioncamera-android:1.0.1] AndroidManifest.xml:27:13-29:29
107                <action android:name="com.google.android.gms.metadata.MODULE_DEPENDENCIES" />
107-->[io.ionic.libs:ioncamera-android:1.0.1] AndroidManifest.xml:28:17-94
107-->[io.ionic.libs:ioncamera-android:1.0.1] AndroidManifest.xml:28:25-91
108            </intent-filter>
109
110            <meta-data
110-->[io.ionic.libs:ioncamera-android:1.0.1] AndroidManifest.xml:31:13-33:36
111                android:name="photopicker_activity:0:required"
111-->[io.ionic.libs:ioncamera-android:1.0.1] AndroidManifest.xml:32:17-63
112                android:value="" />
112-->[io.ionic.libs:ioncamera-android:1.0.1] AndroidManifest.xml:33:17-33
113        </service>
114
115        <provider
115-->[io.ionic.libs:ioncamera-android:1.0.1] AndroidManifest.xml:36:9-44:20
116            android:name="io.ionic.libs.ioncameralib.IONCAMRFileProvider"
116-->[io.ionic.libs:ioncamera-android:1.0.1] AndroidManifest.xml:37:13-74
117            android:authorities="com.portfolio.app.camera.provider"
117-->[io.ionic.libs:ioncamera-android:1.0.1] AndroidManifest.xml:38:13-67
118            android:exported="false"
118-->[io.ionic.libs:ioncamera-android:1.0.1] AndroidManifest.xml:39:13-37
119            android:grantUriPermissions="true" >
119-->[io.ionic.libs:ioncamera-android:1.0.1] AndroidManifest.xml:40:13-47
120            <meta-data
120-->src\main\AndroidManifest.xml:30:13-112
121                android:name="android.support.FILE_PROVIDER_PATHS"
121-->src\main\AndroidManifest.xml:30:24-74
122                android:resource="@xml/ioncamera_paths" />
122-->src\main\AndroidManifest.xml:30:75-109
123        </provider>
124
125        <receiver
125-->[com.google.firebase:firebase-messaging:25.0.1] AndroidManifest.xml:29:9-40:20
126            android:name="com.google.firebase.iid.FirebaseInstanceIdReceiver"
126-->[com.google.firebase:firebase-messaging:25.0.1] AndroidManifest.xml:30:13-78
127            android:exported="true"
127-->[com.google.firebase:firebase-messaging:25.0.1] AndroidManifest.xml:31:13-36
128            android:permission="com.google.android.c2dm.permission.SEND" >
128-->[com.google.firebase:firebase-messaging:25.0.1] AndroidManifest.xml:32:13-73
129            <intent-filter>
129-->[com.google.firebase:firebase-messaging:25.0.1] AndroidManifest.xml:33:13-35:29
130                <action android:name="com.google.android.c2dm.intent.RECEIVE" />
130-->[com.google.firebase:firebase-messaging:25.0.1] AndroidManifest.xml:34:17-81
130-->[com.google.firebase:firebase-messaging:25.0.1] AndroidManifest.xml:34:25-78
131            </intent-filter>
132
133            <meta-data
133-->[com.google.firebase:firebase-messaging:25.0.1] AndroidManifest.xml:37:13-39:40
134                android:name="com.google.android.gms.cloudmessaging.FINISHED_AFTER_HANDLED"
134-->[com.google.firebase:firebase-messaging:25.0.1] AndroidManifest.xml:38:17-92
135                android:value="true" />
135-->[com.google.firebase:firebase-messaging:25.0.1] AndroidManifest.xml:39:17-37
136        </receiver>
137        <!--
138             FirebaseMessagingService performs security checks at runtime,
139             but set to not exported to explicitly avoid allowing another app to call it.
140        -->
141        <service
141-->[com.google.firebase:firebase-messaging:25.0.1] AndroidManifest.xml:46:9-53:19
142            android:name="com.google.firebase.messaging.FirebaseMessagingService"
142-->[com.google.firebase:firebase-messaging:25.0.1] AndroidManifest.xml:47:13-82
143            android:directBootAware="true"
143-->[com.google.firebase:firebase-messaging:25.0.1] AndroidManifest.xml:48:13-43
144            android:exported="false" >
144-->[com.google.firebase:firebase-messaging:25.0.1] AndroidManifest.xml:49:13-37
145            <intent-filter android:priority="-500" >
145-->[:capacitor-push-notifications] AndroidManifest.xml:11:13-13:29
146                <action android:name="com.google.firebase.MESSAGING_EVENT" />
146-->[:capacitor-push-notifications] AndroidManifest.xml:12:17-78
146-->[:capacitor-push-notifications] AndroidManifest.xml:12:25-75
147            </intent-filter>
148        </service>
149        <service
149-->[com.google.firebase:firebase-messaging:25.0.1] AndroidManifest.xml:54:9-63:19
150            android:name="com.google.firebase.components.ComponentDiscoveryService"
150-->[com.google.firebase:firebase-messaging:25.0.1] AndroidManifest.xml:55:13-84
151            android:directBootAware="true"
151-->[com.google.firebase:firebase-common:22.0.1] AndroidManifest.xml:32:13-43
152            android:exported="false" >
152-->[com.google.firebase:firebase-messaging:25.0.1] AndroidManifest.xml:56:13-37
153            <meta-data
153-->[com.google.firebase:firebase-messaging:25.0.1] AndroidManifest.xml:57:13-59:85
154                android:name="com.google.firebase.components:com.google.firebase.messaging.FirebaseMessagingKtxRegistrar"
154-->[com.google.firebase:firebase-messaging:25.0.1] AndroidManifest.xml:58:17-122
155                android:value="com.google.firebase.components.ComponentRegistrar" />
155-->[com.google.firebase:firebase-messaging:25.0.1] AndroidManifest.xml:59:17-82
156            <meta-data
156-->[com.google.firebase:firebase-messaging:25.0.1] AndroidManifest.xml:60:13-62:85
157                android:name="com.google.firebase.components:com.google.firebase.messaging.FirebaseMessagingRegistrar"
157-->[com.google.firebase:firebase-messaging:25.0.1] AndroidManifest.xml:61:17-119
158                android:value="com.google.firebase.components.ComponentRegistrar" />
158-->[com.google.firebase:firebase-messaging:25.0.1] AndroidManifest.xml:62:17-82
159            <meta-data
159-->[com.google.firebase:firebase-installations:18.0.0] AndroidManifest.xml:15:13-17:85
160                android:name="com.google.firebase.components:com.google.firebase.installations.FirebaseInstallationsKtxRegistrar"
160-->[com.google.firebase:firebase-installations:18.0.0] AndroidManifest.xml:16:17-130
161                android:value="com.google.firebase.components.ComponentRegistrar" />
161-->[com.google.firebase:firebase-installations:18.0.0] AndroidManifest.xml:17:17-82
162            <meta-data
162-->[com.google.firebase:firebase-installations:18.0.0] AndroidManifest.xml:18:13-20:85
163                android:name="com.google.firebase.components:com.google.firebase.installations.FirebaseInstallationsRegistrar"
163-->[com.google.firebase:firebase-installations:18.0.0] AndroidManifest.xml:19:17-127
164                android:value="com.google.firebase.components.ComponentRegistrar" />
164-->[com.google.firebase:firebase-installations:18.0.0] AndroidManifest.xml:20:17-82
165            <meta-data
165-->[com.google.firebase:firebase-common:22.0.1] AndroidManifest.xml:35:13-37:85
166                android:name="com.google.firebase.components:com.google.firebase.FirebaseCommonKtxRegistrar"
166-->[com.google.firebase:firebase-common:22.0.1] AndroidManifest.xml:36:17-109
167                android:value="com.google.firebase.components.ComponentRegistrar" />
167-->[com.google.firebase:firebase-common:22.0.1] AndroidManifest.xml:37:17-82
168            <meta-data
168-->[com.google.firebase:firebase-datatransport:18.2.0] AndroidManifest.xml:25:13-27:85
169                android:name="com.google.firebase.components:com.google.firebase.datatransport.TransportRegistrar"
169-->[com.google.firebase:firebase-datatransport:18.2.0] AndroidManifest.xml:26:17-115
170                android:value="com.google.firebase.components.ComponentRegistrar" />
170-->[com.google.firebase:firebase-datatransport:18.2.0] AndroidManifest.xml:27:17-82
171        </service>
172
173        <activity
173-->[com.google.android.gms:play-services-base:18.1.0] AndroidManifest.xml:20:9-22:45
174            android:name="com.google.android.gms.common.api.GoogleApiActivity"
174-->[com.google.android.gms:play-services-base:18.1.0] AndroidManifest.xml:20:19-85
175            android:exported="false"
175-->[com.google.android.gms:play-services-base:18.1.0] AndroidManifest.xml:22:19-43
176            android:theme="@android:style/Theme.Translucent.NoTitleBar" />
176-->[com.google.android.gms:play-services-base:18.1.0] AndroidManifest.xml:21:19-78
177
178        <provider
178-->[com.google.firebase:firebase-common:22.0.1] AndroidManifest.xml:23:9-28:39
179            android:name="com.google.firebase.provider.FirebaseInitProvider"
179-->[com.google.firebase:firebase-common:22.0.1] AndroidManifest.xml:24:13-77
180            android:authorities="com.portfolio.app.firebaseinitprovider"
180-->[com.google.firebase:firebase-common:22.0.1] AndroidManifest.xml:25:13-72
181            android:directBootAware="true"
181-->[com.google.firebase:firebase-common:22.0.1] AndroidManifest.xml:26:13-43
182            android:exported="false"
182-->[com.google.firebase:firebase-common:22.0.1] AndroidManifest.xml:27:13-37
183            android:initOrder="100" />
183-->[com.google.firebase:firebase-common:22.0.1] AndroidManifest.xml:28:13-36
184        <provider
184-->[androidx.emoji2:emoji2:1.3.0] AndroidManifest.xml:24:9-32:20
185            android:name="androidx.startup.InitializationProvider"
185-->[androidx.emoji2:emoji2:1.3.0] AndroidManifest.xml:25:13-67
186            android:authorities="com.portfolio.app.androidx-startup"
186-->[androidx.emoji2:emoji2:1.3.0] AndroidManifest.xml:26:13-68
187            android:exported="false" >
187-->[androidx.emoji2:emoji2:1.3.0] AndroidManifest.xml:27:13-37
188            <meta-data
188-->[androidx.emoji2:emoji2:1.3.0] AndroidManifest.xml:29:13-31:52
189                android:name="androidx.emoji2.text.EmojiCompatInitializer"
189-->[androidx.emoji2:emoji2:1.3.0] AndroidManifest.xml:30:17-75
190                android:value="androidx.startup" />
190-->[androidx.emoji2:emoji2:1.3.0] AndroidManifest.xml:31:17-49
191            <meta-data
191-->[androidx.lifecycle:lifecycle-process:2.6.2] AndroidManifest.xml:29:13-31:52
192                android:name="androidx.lifecycle.ProcessLifecycleInitializer"
192-->[androidx.lifecycle:lifecycle-process:2.6.2] AndroidManifest.xml:30:17-78
193                android:value="androidx.startup" />
193-->[androidx.lifecycle:lifecycle-process:2.6.2] AndroidManifest.xml:31:17-49
194            <meta-data
194-->[androidx.profileinstaller:profileinstaller:1.4.0] AndroidManifest.xml:29:13-31:52
195                android:name="androidx.profileinstaller.ProfileInstallerInitializer"
195-->[androidx.profileinstaller:profileinstaller:1.4.0] AndroidManifest.xml:30:17-85
196                android:value="androidx.startup" />
196-->[androidx.profileinstaller:profileinstaller:1.4.0] AndroidManifest.xml:31:17-49
197        </provider>
198        <!--
199        Service for holding metadata. Cannot be instantiated.
200        Metadata will be merged from other manifests.
201        -->
202        <service
202-->[androidx.camera:camera-core:1.4.2] AndroidManifest.xml:29:9-33:78
203            android:name="androidx.camera.core.impl.MetadataHolderService"
203-->[androidx.camera:camera-core:1.4.2] AndroidManifest.xml:30:13-75
204            android:enabled="false"
204-->[androidx.camera:camera-core:1.4.2] AndroidManifest.xml:31:13-36
205            android:exported="false" />
205-->[androidx.camera:camera-core:1.4.2] AndroidManifest.xml:32:13-37
206
207        <meta-data
207-->[com.google.android.gms:play-services-basement:18.3.0] AndroidManifest.xml:21:9-23:69
208            android:name="com.google.android.gms.version"
208-->[com.google.android.gms:play-services-basement:18.3.0] AndroidManifest.xml:22:13-58
209            android:value="@integer/google_play_services_version" />
209-->[com.google.android.gms:play-services-basement:18.3.0] AndroidManifest.xml:23:13-66
210
211        <receiver
211-->[androidx.profileinstaller:profileinstaller:1.4.0] AndroidManifest.xml:34:9-52:20
212            android:name="androidx.profileinstaller.ProfileInstallReceiver"
212-->[androidx.profileinstaller:profileinstaller:1.4.0] AndroidManifest.xml:35:13-76
213            android:directBootAware="false"
213-->[androidx.profileinstaller:profileinstaller:1.4.0] AndroidManifest.xml:36:13-44
214            android:enabled="true"
214-->[androidx.profileinstaller:profileinstaller:1.4.0] AndroidManifest.xml:37:13-35
215            android:exported="true"
215-->[androidx.profileinstaller:profileinstaller:1.4.0] AndroidManifest.xml:38:13-36
216            android:permission="android.permission.DUMP" >
216-->[androidx.profileinstaller:profileinstaller:1.4.0] AndroidManifest.xml:39:13-57
217            <intent-filter>
217-->[androidx.profileinstaller:profileinstaller:1.4.0] AndroidManifest.xml:40:13-42:29
218                <action android:name="androidx.profileinstaller.action.INSTALL_PROFILE" />
218-->[androidx.profileinstaller:profileinstaller:1.4.0] AndroidManifest.xml:41:17-91
218-->[androidx.profileinstaller:profileinstaller:1.4.0] AndroidManifest.xml:41:25-88
219            </intent-filter>
220            <intent-filter>
220-->[androidx.profileinstaller:profileinstaller:1.4.0] AndroidManifest.xml:43:13-45:29
221                <action android:name="androidx.profileinstaller.action.SKIP_FILE" />
221-->[androidx.profileinstaller:profileinstaller:1.4.0] AndroidManifest.xml:44:17-85
221-->[androidx.profileinstaller:profileinstaller:1.4.0] AndroidManifest.xml:44:25-82
222            </intent-filter>
223            <intent-filter>
223-->[androidx.profileinstaller:profileinstaller:1.4.0] AndroidManifest.xml:46:13-48:29
224                <action android:name="androidx.profileinstaller.action.SAVE_PROFILE" />
224-->[androidx.profileinstaller:profileinstaller:1.4.0] AndroidManifest.xml:47:17-88
224-->[androidx.profileinstaller:profileinstaller:1.4.0] AndroidManifest.xml:47:25-85
225            </intent-filter>
226            <intent-filter>
226-->[androidx.profileinstaller:profileinstaller:1.4.0] AndroidManifest.xml:49:13-51:29
227                <action android:name="androidx.profileinstaller.action.BENCHMARK_OPERATION" />
227-->[androidx.profileinstaller:profileinstaller:1.4.0] AndroidManifest.xml:50:17-95
227-->[androidx.profileinstaller:profileinstaller:1.4.0] AndroidManifest.xml:50:25-92
228            </intent-filter>
229        </receiver>
230
231        <service
231-->[com.google.android.datatransport:transport-backend-cct:3.1.9] AndroidManifest.xml:28:9-34:19
232            android:name="com.google.android.datatransport.runtime.backends.TransportBackendDiscovery"
232-->[com.google.android.datatransport:transport-backend-cct:3.1.9] AndroidManifest.xml:29:13-103
233            android:exported="false" >
233-->[com.google.android.datatransport:transport-backend-cct:3.1.9] AndroidManifest.xml:30:13-37
234            <meta-data
234-->[com.google.android.datatransport:transport-backend-cct:3.1.9] AndroidManifest.xml:31:13-33:39
235                android:name="backend:com.google.android.datatransport.cct.CctBackendFactory"
235-->[com.google.android.datatransport:transport-backend-cct:3.1.9] AndroidManifest.xml:32:17-94
236                android:value="cct" />
236-->[com.google.android.datatransport:transport-backend-cct:3.1.9] AndroidManifest.xml:33:17-36
237        </service>
238        <service
238-->[com.google.android.datatransport:transport-runtime:3.1.9] AndroidManifest.xml:26:9-30:19
239            android:name="com.google.android.datatransport.runtime.scheduling.jobscheduling.JobInfoSchedulerService"
239-->[com.google.android.datatransport:transport-runtime:3.1.9] AndroidManifest.xml:27:13-117
240            android:exported="false"
240-->[com.google.android.datatransport:transport-runtime:3.1.9] AndroidManifest.xml:28:13-37
241            android:permission="android.permission.BIND_JOB_SERVICE" >
241-->[com.google.android.datatransport:transport-runtime:3.1.9] AndroidManifest.xml:29:13-69
242        </service>
243
244        <receiver
244-->[com.google.android.datatransport:transport-runtime:3.1.9] AndroidManifest.xml:32:9-34:40
245            android:name="com.google.android.datatransport.runtime.scheduling.jobscheduling.AlarmManagerSchedulerBroadcastReceiver"
245-->[com.google.android.datatransport:transport-runtime:3.1.9] AndroidManifest.xml:33:13-132
246            android:exported="false" />
246-->[com.google.android.datatransport:transport-runtime:3.1.9] AndroidManifest.xml:34:13-37
247    </application>
248
249</manifest>